Using pre-set license
Built from '2022.3/staging' branch; Version is '2022.3.3f1 (7cdc2969a641) revision 8182825'; Using compiler version '192829333'; Build Type 'Release'
OS: 'Windows 10  (10.0.19045) 64bit Professional' Language: 'ru' Physical Memory: 32711 MB
BatchMode: 1, IsHumanControllingUs: 0, StartBugReporterOnCrash: 0, Is64bit: 1, IsPro: 1

COMMAND LINE ARGUMENTS:
C:\Program Files\Unity\Hub\Editor\2022.3.3f1\Editor\Unity.exe
-adb2
-batchMode
-noUpm
-name
AssetImportWorker0
-projectPath
C:/Users/Nerdy/Documents/GitHub/UnityDz/Curs
-logFile
Logs/AssetImportWorker0.log
-srvPort
57702
Successfully changed project path to: C:/Users/Nerdy/Documents/GitHub/UnityDz/Curs
C:/Users/Nerdy/Documents/GitHub/UnityDz/Curs
[UnityMemory] Configuration Parameters - Can be set up in boot.config
    "memorysetup-bucket-allocator-granularity=16"
    "memorysetup-bucket-allocator-bucket-count=8"
    "memorysetup-bucket-allocator-block-size=33554432"
    "memorysetup-bucket-allocator-block-count=8"
    "memorysetup-main-allocator-block-size=16777216"
    "memorysetup-thread-allocator-block-size=16777216"
    "memorysetup-gfx-main-allocator-block-size=16777216"
    "memorysetup-gfx-thread-allocator-block-size=16777216"
    "memorysetup-cache-allocator-block-size=4194304"
    "memorysetup-typetree-allocator-block-size=2097152"
    "memorysetup-profiler-bucket-allocator-granularity=16"
    "memorysetup-profiler-bucket-allocator-bucket-count=8"
    "memorysetup-profiler-bucket-allocator-block-size=33554432"
    "memorysetup-profiler-bucket-allocator-block-count=8"
    "memorysetup-profiler-allocator-block-size=16777216"
    "memorysetup-profiler-editor-allocator-block-size=1048576"
    "memorysetup-temp-allocator-size-main=16777216"
    "memorysetup-job-temp-allocator-block-size=2097152"
    "memorysetup-job-temp-allocator-block-size-background=1048576"
    "memorysetup-job-temp-allocator-reduction-small-platforms=262144"
    "memorysetup-allocator-temp-initial-block-size-main=262144"
    "memorysetup-allocator-temp-initial-block-size-worker=262144"
    "memorysetup-temp-allocator-size-background-worker=32768"
    "memorysetup-temp-allocator-size-job-worker=262144"
    "memorysetup-temp-allocator-size-preload-manager=33554432"
    "memorysetup-temp-allocator-size-nav-mesh-worker=65536"
    "memorysetup-temp-allocator-size-audio-worker=65536"
    "memorysetup-temp-allocator-size-cloud-worker=32768"
    "memorysetup-temp-allocator-size-gi-baking-worker=262144"
    "memorysetup-temp-allocator-size-gfx=262144"
Player connection [4888] Host "[IP] 192.168.10.146 [Port] 0 [Flags] 2 [Guid] 3574878246 [EditorId] 3574878246 [Version] 1048832 [Id] WindowsEditor(7,Kazulin) [Debug] 1 [PackageName] WindowsEditor [ProjectName] Editor" joined multi-casting on [225.0.0.222:54997]...

Player connection [4888] Host "[IP] 192.168.10.146 [Port] 0 [Flags] 2 [Guid] 3574878246 [EditorId] 3574878246 [Version] 1048832 [Id] WindowsEditor(7,Kazulin) [Debug] 1 [PackageName] WindowsEditor [ProjectName] Editor" joined alternative multi-casting on [225.0.0.222:34997]...

Refreshing native plugins compatible for Editor in 14.95 ms, found 3 plugins.
Preloading 0 native plugins for Editor in 0.00 ms.
Initialize engine version: 2022.3.3f1 (7cdc2969a641)
[Subsystems] Discovering subsystems at path C:/Program Files/Unity/Hub/Editor/2022.3.3f1/Editor/Data/Resources/UnitySubsystems
[Subsystems] Discovering subsystems at path C:/Users/Nerdy/Documents/GitHub/UnityDz/Curs/Assets
GfxDevice: creating device client; threaded=0; jobified=0
Direct3D:
    Version:  Direct3D 11.0 [level 11.0]
    Renderer: NVIDIA GeForce GTX 470 (ID=0x6cd)
    Vendor:   NVIDIA
    VRAM:     1233 MB
    Driver:   23.21.13.8813
Initialize mono
Mono path[0] = 'C:/Program Files/Unity/Hub/Editor/2022.3.3f1/Editor/Data/Managed'
Mono path[1] = 'C:/Program Files/Unity/Hub/Editor/2022.3.3f1/Editor/Data/MonoBleedingEdge/lib/mono/unityjit-win32'
Mono config path = 'C:/Program Files/Unity/Hub/Editor/2022.3.3f1/Editor/Data/MonoBleedingEdge/etc'
Using monoOptions --debugger-agent=transport=dt_socket,embedding=1,server=y,suspend=n,address=127.0.0.1:56528
Begin MonoManager ReloadAssembly
Registering precompiled unity dll's ...
Register platform support module: C:/Program Files/Unity/Hub/Editor/2022.3.3f1/Editor/Data/PlaybackEngines/WebGLSupport/UnityEditor.WebGL.Extensions.dll
Register platform support module: C:/Program Files/Unity/Hub/Editor/2022.3.3f1/Editor/Data/PlaybackEngines/AndroidPlayer/UnityEditor.Android.Extensions.dll
Register platform support module: C:/Program Files/Unity/Hub/Editor/2022.3.3f1/Editor/Data/PlaybackEngines/WindowsStandaloneSupport/UnityEditor.WindowsStandalone.Extensions.dll
Registered in 0.020046 seconds.
- Loaded All Assemblies, in  0.635 seconds
Native extension for WindowsStandalone target not found
Native extension for Android target not found
Android Extension - Scanning For ADB Devices 546 ms
Native extension for WebGL target not found
Mono: successfully reloaded assembly
- Finished resetting the current domain, in  1.147 seconds
Domain Reload Profiling: 1781ms
	BeginReloadAssembly (172ms)
		ExecutionOrderSort (0ms)
		DisableScriptedObjects (0ms)
		BackupInstance (0ms)
		ReleaseScriptingObjects (0ms)
		CreateAndSetChildDomain (2ms)
	RebuildCommonClasses (62ms)
	RebuildNativeTypeToScriptingClass (18ms)
	initialDomainReloadingComplete (110ms)
	LoadAllAssembliesAndSetupDomain (270ms)
		LoadAssemblies (167ms)
		RebuildTransferFunctionScriptingTraits (0ms)
		AnalyzeDomain (260ms)
			TypeCache.Refresh (259ms)
				TypeCache.ScanAssembly (239ms)
			ScanForSourceGeneratedMonoScriptInfo (1ms)
			ResolveRequiredComponents (1ms)
	FinalizeReload (1148ms)
		ReleaseScriptCaches (0ms)
		RebuildScriptCaches (0ms)
		SetupLoadedEditorAssemblies (1035ms)
			LogAssemblyErrors (0ms)
			InitializePlatformSupportModulesInManaged (742ms)
			SetLoadedEditorAssemblies (7ms)
			RefreshPlugins (0ms)
			BeforeProcessingInitializeOnLoad (5ms)
			ProcessInitializeOnLoadAttributes (194ms)
			ProcessInitializeOnLoadMethodAttributes (86ms)
			AfterProcessingInitializeOnLoad (0ms)
			EditorAssembliesLoaded (0ms)
		ExecutionOrderSort2 (0ms)
		AwakeInstancesAfterBackupRestoration (0ms)
========================================================================
Worker process is ready to serve import requests
Begin MonoManager ReloadAssembly
Symbol file LoadedFromMemory doesn't match image C:\Users\Nerdy\Documents\GitHub\UnityDz\Curs\Library\PackageCache\com.unity.visualscripting@1.8.0\Editor\VisualScripting.Core\Dependencies\YamlDotNet\Unity.VisualScripting.YamlDotNet.dll
Symbol file LoadedFromMemory doesn't match image C:\Users\Nerdy\Documents\GitHub\UnityDz\Curs\Library\PackageCache\com.unity.visualscripting@1.8.0\Editor\VisualScripting.Core\Dependencies\DotNetZip\Unity.VisualScripting.IonicZip.dll
- Loaded All Assemblies, in  1.484 seconds
Refreshing native plugins compatible for Editor in 17.17 ms, found 3 plugins.
Native extension for WindowsStandalone target not found
Native extension for Android target not found
Native extension for WebGL target not found
Mono: successfully reloaded assembly
- Finished resetting the current domain, in  1.231 seconds
Domain Reload Profiling: 2712ms
	BeginReloadAssembly (308ms)
		ExecutionOrderSort (0ms)
		DisableScriptedObjects (12ms)
		BackupInstance (0ms)
		ReleaseScriptingObjects (0ms)
		CreateAndSetChildDomain (70ms)
	RebuildCommonClasses (61ms)
	RebuildNativeTypeToScriptingClass (21ms)
	initialDomainReloadingComplete (78ms)
	LoadAllAssembliesAndSetupDomain (1012ms)
		LoadAssemblies (533ms)
		RebuildTransferFunctionScriptingTraits (0ms)
		AnalyzeDomain (629ms)
			TypeCache.Refresh (556ms)
				TypeCache.ScanAssembly (529ms)
			ScanForSourceGeneratedMonoScriptInfo (61ms)
			ResolveRequiredComponents (11ms)
	FinalizeReload (1232ms)
		ReleaseScriptCaches (0ms)
		RebuildScriptCaches (0ms)
		SetupLoadedEditorAssemblies (800ms)
			LogAssemblyErrors (0ms)
			InitializePlatformSupportModulesInManaged (52ms)
			SetLoadedEditorAssemblies (9ms)
			RefreshPlugins (0ms)
			BeforeProcessingInitializeOnLoad (152ms)
			ProcessInitializeOnLoadAttributes (534ms)
			ProcessInitializeOnLoadMethodAttributes (40ms)
			AfterProcessingInitializeOnLoad (13ms)
			EditorAssembliesLoaded (0ms)
		ExecutionOrderSort2 (0ms)
		AwakeInstancesAfterBackupRestoration (10ms)
Launched and connected shader compiler UnityShaderCompiler.exe after 0.07 seconds
Refreshing native plugins compatible for Editor in 6.91 ms, found 3 plugins.
Preloading 0 native plugins for Editor in 0.00 ms.
Unloading 3066 Unused Serialized files (Serialized files now loaded: 0)
Unloading 31 unused Assets / (56.3 KB). Loaded Objects now: 3533.
Memory consumption went from 120.6 MB to 120.5 MB.
Total: 5.896900 ms (FindLiveObjects: 0.513000 ms CreateObjectMapping: 0.358700 ms MarkObjects: 4.878100 ms  DeleteObjects: 0.145700 ms)

AssetImportParameters requested are different than current active one (requested -> active):
  custom:container-demuxer-ogg: 62fdf1f143b41e24485cea50d1cbac27 -> 
  custom:video-decoder-ogg-theora: a1e56fd34408186e4bbccfd4996cb3dc -> 
  custom:framework-win-MediaFoundation: 216162199b28c13a410421893ffa2e32 -> 
  custom:container-demuxer-webm: 4f35f7cbe854078d1ac9338744f61a02 -> 
  custom:container-muxer-webm: aa71ff27fc2769a1b78a27578f13a17b -> 
  custom:video-decoder-webm-vp8: 9c59270c3fd7afecdb556c50c9e8de78 -> 
  custom:AudioImporter_EditorPlatform: d09bf68614088b80899f8185d706f6e7 -> 
  custom:video-encoder-webm-vp8: eb34c28f22e8b96e1ab97ce403110664 -> 
  custom:audio-decoder-ogg-vorbis: bf7c407c2cedff20999df2af8eb42d56 -> 
  custom:audio-encoder-webm-vorbis: bf7c407c2cedff20999df2af8eb42d56 -> 
========================================================================
Received Import Request.
  Time since last request: 11937.658172 seconds.
  path: Assets/Scenes/SampleScene.unity
  artifactKey: Guid(9fc0d4010bbf28b4594072e72b8655ab) Importer(815301076,1909f56bfc062723c751e8b465ee728b)
Start importing Assets/Scenes/SampleScene.unity using Guid(9fc0d4010bbf28b4594072e72b8655ab) Importer(815301076,1909f56bfc062723c751e8b465ee728b)  -> (artifact id: 'a85bec50c8be757587fedfaade313866') in 0.003878 seconds
Number of updated asset objects reloaded before import = 0
Number of asset objects unloaded after import = 0
========================================================================
Received Import Request.
  Time since last request: 9.049838 seconds.
  path: Assets/Scenes/GameScene.unity
  artifactKey: Guid(9fc0d4010bbf28b4594072e72b8655ab) Importer(815301076,1909f56bfc062723c751e8b465ee728b)
Start importing Assets/Scenes/GameScene.unity using Guid(9fc0d4010bbf28b4594072e72b8655ab) Importer(815301076,1909f56bfc062723c751e8b465ee728b)  -> (artifact id: 'c540b3026ff277d7b5355954b8a0c4ef') in 0.005851 seconds
Number of updated asset objects reloaded before import = 0
Number of asset objects unloaded after import = 0
========================================================================
Received Import Request.
  Time since last request: 0.514807 seconds.
  path: Assets/Scenes
  artifactKey: Guid(b2606fbd8b045bf4d9a006e9edaf31a6) Importer(815301076,1909f56bfc062723c751e8b465ee728b)
Start importing Assets/Scenes using Guid(b2606fbd8b045bf4d9a006e9edaf31a6) Importer(815301076,1909f56bfc062723c751e8b465ee728b)  -> (artifact id: '045588691820881a628bb5ed39fade81') in 0.000566 seconds
Number of updated asset objects reloaded before import = 0
Number of asset objects unloaded after import = 0
========================================================================
Received Import Request.
  Time since last request: 11.767933 seconds.
  path: Assets/Scenes/MenuScene.unity
  artifactKey: Guid(8e8e4b6e4c0439b4d848de5f90ad648d) Importer(815301076,1909f56bfc062723c751e8b465ee728b)
Start importing Assets/Scenes/MenuScene.unity using Guid(8e8e4b6e4c0439b4d848de5f90ad648d) Importer(815301076,1909f56bfc062723c751e8b465ee728b)  -> (artifact id: '69ba757a2a47598405f1b963cc65efda') in 0.000581 seconds
Number of updated asset objects reloaded before import = 0
Number of asset objects unloaded after import = 0
========================================================================
Received Prepare
Begin MonoManager ReloadAssembly
Symbol file LoadedFromMemory doesn't match image C:\Users\Nerdy\Documents\GitHub\UnityDz\Curs\Library\PackageCache\com.unity.visualscripting@1.8.0\Editor\VisualScripting.Core\Dependencies\YamlDotNet\Unity.VisualScripting.YamlDotNet.dll
Symbol file LoadedFromMemory doesn't match image C:\Users\Nerdy\Documents\GitHub\UnityDz\Curs\Library\PackageCache\com.unity.visualscripting@1.8.0\Editor\VisualScripting.Core\Dependencies\DotNetZip\Unity.VisualScripting.IonicZip.dll
- Loaded All Assemblies, in  1.148 seconds
Refreshing native plugins compatible for Editor in 6.25 ms, found 3 plugins.
Native extension for WindowsStandalone target not found
Native extension for Android target not found
Native extension for WebGL target not found
Mono: successfully reloaded assembly
- Finished resetting the current domain, in  1.815 seconds
Domain Reload Profiling: 2961ms
	BeginReloadAssembly (202ms)
		ExecutionOrderSort (0ms)
		DisableScriptedObjects (8ms)
		BackupInstance (0ms)
		ReleaseScriptingObjects (0ms)
		CreateAndSetChildDomain (52ms)
	RebuildCommonClasses (98ms)
	RebuildNativeTypeToScriptingClass (17ms)
	initialDomainReloadingComplete (45ms)
	LoadAllAssembliesAndSetupDomain (781ms)
		LoadAssemblies (418ms)
		RebuildTransferFunctionScriptingTraits (0ms)
		AnalyzeDomain (458ms)
			TypeCache.Refresh (451ms)
				TypeCache.ScanAssembly (435ms)
			ScanForSourceGeneratedMonoScriptInfo (0ms)
			ResolveRequiredComponents (7ms)
	FinalizeReload (1816ms)
		ReleaseScriptCaches (0ms)
		RebuildScriptCaches (0ms)
		SetupLoadedEditorAssemblies (792ms)
			LogAssemblyErrors (0ms)
			InitializePlatformSupportModulesInManaged (52ms)
			SetLoadedEditorAssemblies (8ms)
			RefreshPlugins (0ms)
			BeforeProcessingInitializeOnLoad (237ms)
			ProcessInitializeOnLoadAttributes (438ms)
			ProcessInitializeOnLoadMethodAttributes (45ms)
			AfterProcessingInitializeOnLoad (12ms)
			EditorAssembliesLoaded (0ms)
		ExecutionOrderSort2 (0ms)
		AwakeInstancesAfterBackupRestoration (14ms)
Refreshing native plugins compatible for Editor in 7.00 ms, found 3 plugins.
Preloading 0 native plugins for Editor in 0.00 ms.
Unloading 3070 Unused Serialized files (Serialized files now loaded: 0)
Unloading 35 unused Assets / (0.7 MB). Loaded Objects now: 3536.
Memory consumption went from 122.7 MB to 121.9 MB.
Total: 6.798200 ms (FindLiveObjects: 0.616100 ms CreateObjectMapping: 0.563000 ms MarkObjects: 5.056000 ms  DeleteObjects: 0.561400 ms)

Prepare: number of updated asset objects reloaded= 0
AssetImportParameters requested are different than current active one (requested -> active):
  custom:container-demuxer-ogg: 62fdf1f143b41e24485cea50d1cbac27 -> 
  custom:video-decoder-ogg-theora: a1e56fd34408186e4bbccfd4996cb3dc -> 
  custom:framework-win-MediaFoundation: 216162199b28c13a410421893ffa2e32 -> 
  custom:container-demuxer-webm: 4f35f7cbe854078d1ac9338744f61a02 -> 
  custom:container-muxer-webm: aa71ff27fc2769a1b78a27578f13a17b -> 
  custom:video-decoder-webm-vp8: 9c59270c3fd7afecdb556c50c9e8de78 -> 
  custom:AudioImporter_EditorPlatform: d09bf68614088b80899f8185d706f6e7 -> 
  custom:video-encoder-webm-vp8: eb34c28f22e8b96e1ab97ce403110664 -> 
  custom:audio-decoder-ogg-vorbis: bf7c407c2cedff20999df2af8eb42d56 -> 
  custom:audio-encoder-webm-vorbis: bf7c407c2cedff20999df2af8eb42d56 -> 
========================================================================
Received Prepare
Begin MonoManager ReloadAssembly
Symbol file LoadedFromMemory doesn't match image C:\Users\Nerdy\Documents\GitHub\UnityDz\Curs\Library\PackageCache\com.unity.visualscripting@1.8.0\Editor\VisualScripting.Core\Dependencies\YamlDotNet\Unity.VisualScripting.YamlDotNet.dll
Symbol file LoadedFromMemory doesn't match image C:\Users\Nerdy\Documents\GitHub\UnityDz\Curs\Library\PackageCache\com.unity.visualscripting@1.8.0\Editor\VisualScripting.Core\Dependencies\DotNetZip\Unity.VisualScripting.IonicZip.dll
- Loaded All Assemblies, in  1.099 seconds
Refreshing native plugins compatible for Editor in 5.54 ms, found 3 plugins.
Native extension for WindowsStandalone target not found
Native extension for Android target not found
Native extension for WebGL target not found
Mono: successfully reloaded assembly
- Finished resetting the current domain, in  1.495 seconds
Domain Reload Profiling: 2592ms
	BeginReloadAssembly (197ms)
		ExecutionOrderSort (0ms)
		DisableScriptedObjects (8ms)
		BackupInstance (0ms)
		ReleaseScriptingObjects (0ms)
		CreateAndSetChildDomain (51ms)
	RebuildCommonClasses (50ms)
	RebuildNativeTypeToScriptingClass (15ms)
	initialDomainReloadingComplete (47ms)
	LoadAllAssembliesAndSetupDomain (787ms)
		LoadAssemblies (455ms)
		RebuildTransferFunctionScriptingTraits (0ms)
		AnalyzeDomain (424ms)
			TypeCache.Refresh (418ms)
				TypeCache.ScanAssembly (402ms)
			ScanForSourceGeneratedMonoScriptInfo (0ms)
			ResolveRequiredComponents (6ms)
	FinalizeReload (1496ms)
		ReleaseScriptCaches (0ms)
		RebuildScriptCaches (0ms)
		SetupLoadedEditorAssemblies (748ms)
			LogAssemblyErrors (0ms)
			InitializePlatformSupportModulesInManaged (47ms)
			SetLoadedEditorAssemblies (6ms)
			RefreshPlugins (0ms)
			BeforeProcessingInitializeOnLoad (160ms)
			ProcessInitializeOnLoadAttributes (485ms)
			ProcessInitializeOnLoadMethodAttributes (38ms)
			AfterProcessingInitializeOnLoad (11ms)
			EditorAssembliesLoaded (0ms)
		ExecutionOrderSort2 (0ms)
		AwakeInstancesAfterBackupRestoration (12ms)
Refreshing native plugins compatible for Editor in 6.83 ms, found 3 plugins.
Preloading 0 native plugins for Editor in 0.00 ms.
Unloading 3071 Unused Serialized files (Serialized files now loaded: 0)
Unloading 35 unused Assets / (0.7 MB). Loaded Objects now: 3539.
Memory consumption went from 122.9 MB to 122.2 MB.
Total: 6.060400 ms (FindLiveObjects: 0.433300 ms CreateObjectMapping: 0.200100 ms MarkObjects: 4.744900 ms  DeleteObjects: 0.680200 ms)

Prepare: number of updated asset objects reloaded= 0
AssetImportParameters requested are different than current active one (requested -> active):
  custom:container-demuxer-ogg: 62fdf1f143b41e24485cea50d1cbac27 -> 
  custom:video-decoder-ogg-theora: a1e56fd34408186e4bbccfd4996cb3dc -> 
  custom:framework-win-MediaFoundation: 216162199b28c13a410421893ffa2e32 -> 
  custom:container-demuxer-webm: 4f35f7cbe854078d1ac9338744f61a02 -> 
  custom:container-muxer-webm: aa71ff27fc2769a1b78a27578f13a17b -> 
  custom:video-decoder-webm-vp8: 9c59270c3fd7afecdb556c50c9e8de78 -> 
  custom:AudioImporter_EditorPlatform: d09bf68614088b80899f8185d706f6e7 -> 
  custom:video-encoder-webm-vp8: eb34c28f22e8b96e1ab97ce403110664 -> 
  custom:audio-decoder-ogg-vorbis: bf7c407c2cedff20999df2af8eb42d56 -> 
  custom:audio-encoder-webm-vorbis: bf7c407c2cedff20999df2af8eb42d56 -> 
========================================================================
Received Prepare
Begin MonoManager ReloadAssembly
Symbol file LoadedFromMemory doesn't match image C:\Users\Nerdy\Documents\GitHub\UnityDz\Curs\Library\PackageCache\com.unity.visualscripting@1.8.0\Editor\VisualScripting.Core\Dependencies\YamlDotNet\Unity.VisualScripting.YamlDotNet.dll
Symbol file LoadedFromMemory doesn't match image C:\Users\Nerdy\Documents\GitHub\UnityDz\Curs\Library\PackageCache\com.unity.visualscripting@1.8.0\Editor\VisualScripting.Core\Dependencies\DotNetZip\Unity.VisualScripting.IonicZip.dll
- Loaded All Assemblies, in  1.083 seconds
Refreshing native plugins compatible for Editor in 6.88 ms, found 3 plugins.
Native extension for WindowsStandalone target not found
Native extension for Android target not found
Native extension for WebGL target not found
Mono: successfully reloaded assembly
- Finished resetting the current domain, in  1.460 seconds
Domain Reload Profiling: 2539ms
	BeginReloadAssembly (202ms)
		ExecutionOrderSort (0ms)
		DisableScriptedObjects (9ms)
		BackupInstance (0ms)
		ReleaseScriptingObjects (0ms)
		CreateAndSetChildDomain (48ms)
	RebuildCommonClasses (44ms)
	RebuildNativeTypeToScriptingClass (17ms)
	initialDomainReloadingComplete (45ms)
	LoadAllAssembliesAndSetupDomain (770ms)
		LoadAssemblies (411ms)
		RebuildTransferFunctionScriptingTraits (0ms)
		AnalyzeDomain (455ms)
			TypeCache.Refresh (446ms)
				TypeCache.ScanAssembly (430ms)
			ScanForSourceGeneratedMonoScriptInfo (0ms)
			ResolveRequiredComponents (9ms)
	FinalizeReload (1461ms)
		ReleaseScriptCaches (0ms)
		RebuildScriptCaches (0ms)
		SetupLoadedEditorAssemblies (719ms)
			LogAssemblyErrors (0ms)
			InitializePlatformSupportModulesInManaged (86ms)
			SetLoadedEditorAssemblies (10ms)
			RefreshPlugins (0ms)
			BeforeProcessingInitializeOnLoad (166ms)
			ProcessInitializeOnLoadAttributes (412ms)
			ProcessInitializeOnLoadMethodAttributes (35ms)
			AfterProcessingInitializeOnLoad (9ms)
			EditorAssembliesLoaded (0ms)
		ExecutionOrderSort2 (0ms)
		AwakeInstancesAfterBackupRestoration (26ms)
Refreshing native plugins compatible for Editor in 6.55 ms, found 3 plugins.
Preloading 0 native plugins for Editor in 0.00 ms.
Unloading 3071 Unused Serialized files (Serialized files now loaded: 0)
Unloading 35 unused Assets / (0.7 MB). Loaded Objects now: 3542.
Memory consumption went from 122.9 MB to 122.2 MB.
Total: 6.887800 ms (FindLiveObjects: 0.277800 ms CreateObjectMapping: 0.431000 ms MarkObjects: 5.233600 ms  DeleteObjects: 0.943600 ms)

Prepare: number of updated asset objects reloaded= 0
AssetImportParameters requested are different than current active one (requested -> active):
  custom:container-demuxer-ogg: 62fdf1f143b41e24485cea50d1cbac27 -> 
  custom:video-decoder-ogg-theora: a1e56fd34408186e4bbccfd4996cb3dc -> 
  custom:framework-win-MediaFoundation: 216162199b28c13a410421893ffa2e32 -> 
  custom:container-demuxer-webm: 4f35f7cbe854078d1ac9338744f61a02 -> 
  custom:container-muxer-webm: aa71ff27fc2769a1b78a27578f13a17b -> 
  custom:video-decoder-webm-vp8: 9c59270c3fd7afecdb556c50c9e8de78 -> 
  custom:AudioImporter_EditorPlatform: d09bf68614088b80899f8185d706f6e7 -> 
  custom:video-encoder-webm-vp8: eb34c28f22e8b96e1ab97ce403110664 -> 
  custom:audio-decoder-ogg-vorbis: bf7c407c2cedff20999df2af8eb42d56 -> 
  custom:audio-encoder-webm-vorbis: bf7c407c2cedff20999df2af8eb42d56 -> 
========================================================================
Received Prepare
Begin MonoManager ReloadAssembly
Symbol file LoadedFromMemory doesn't match image C:\Users\Nerdy\Documents\GitHub\UnityDz\Curs\Library\PackageCache\com.unity.visualscripting@1.8.0\Editor\VisualScripting.Core\Dependencies\YamlDotNet\Unity.VisualScripting.YamlDotNet.dll
Symbol file LoadedFromMemory doesn't match image C:\Users\Nerdy\Documents\GitHub\UnityDz\Curs\Library\PackageCache\com.unity.visualscripting@1.8.0\Editor\VisualScripting.Core\Dependencies\DotNetZip\Unity.VisualScripting.IonicZip.dll
- Loaded All Assemblies, in  1.135 seconds
Refreshing native plugins compatible for Editor in 4.89 ms, found 3 plugins.
Native extension for WindowsStandalone target not found
Native extension for Android target not found
Native extension for WebGL target not found
Mono: successfully reloaded assembly
- Finished resetting the current domain, in  1.706 seconds
Domain Reload Profiling: 2837ms
	BeginReloadAssembly (196ms)
		ExecutionOrderSort (0ms)
		DisableScriptedObjects (8ms)
		BackupInstance (0ms)
		ReleaseScriptingObjects (0ms)
		CreateAndSetChildDomain (48ms)
	RebuildCommonClasses (53ms)
	RebuildNativeTypeToScriptingClass (21ms)
	initialDomainReloadingComplete (50ms)
	LoadAllAssembliesAndSetupDomain (809ms)
		LoadAssemblies (464ms)
		RebuildTransferFunctionScriptingTraits (0ms)
		AnalyzeDomain (440ms)
			TypeCache.Refresh (431ms)
				TypeCache.ScanAssembly (414ms)
			ScanForSourceGeneratedMonoScriptInfo (0ms)
			ResolveRequiredComponents (8ms)
	FinalizeReload (1707ms)
		ReleaseScriptCaches (0ms)
		RebuildScriptCaches (0ms)
		SetupLoadedEditorAssemblies (796ms)
			LogAssemblyErrors (0ms)
			InitializePlatformSupportModulesInManaged (54ms)
			SetLoadedEditorAssemblies (9ms)
			RefreshPlugins (0ms)
			BeforeProcessingInitializeOnLoad (171ms)
			ProcessInitializeOnLoadAttributes (508ms)
			ProcessInitializeOnLoadMethodAttributes (42ms)
			AfterProcessingInitializeOnLoad (12ms)
			EditorAssembliesLoaded (0ms)
		ExecutionOrderSort2 (0ms)
		AwakeInstancesAfterBackupRestoration (13ms)
Refreshing native plugins compatible for Editor in 31.20 ms, found 3 plugins.
Preloading 0 native plugins for Editor in 0.00 ms.
Unloading 3071 Unused Serialized files (Serialized files now loaded: 0)
Unloading 35 unused Assets / (0.7 MB). Loaded Objects now: 3545.
Memory consumption went from 122.9 MB to 122.2 MB.
Total: 6.109300 ms (FindLiveObjects: 0.291300 ms CreateObjectMapping: 0.251300 ms MarkObjects: 4.940800 ms  DeleteObjects: 0.624400 ms)

Prepare: number of updated asset objects reloaded= 0
AssetImportParameters requested are different than current active one (requested -> active):
  custom:container-demuxer-ogg: 62fdf1f143b41e24485cea50d1cbac27 -> 
  custom:video-decoder-ogg-theora: a1e56fd34408186e4bbccfd4996cb3dc -> 
  custom:framework-win-MediaFoundation: 216162199b28c13a410421893ffa2e32 -> 
  custom:container-demuxer-webm: 4f35f7cbe854078d1ac9338744f61a02 -> 
  custom:container-muxer-webm: aa71ff27fc2769a1b78a27578f13a17b -> 
  custom:video-decoder-webm-vp8: 9c59270c3fd7afecdb556c50c9e8de78 -> 
  custom:AudioImporter_EditorPlatform: d09bf68614088b80899f8185d706f6e7 -> 
  custom:video-encoder-webm-vp8: eb34c28f22e8b96e1ab97ce403110664 -> 
  custom:audio-decoder-ogg-vorbis: bf7c407c2cedff20999df2af8eb42d56 -> 
  custom:audio-encoder-webm-vorbis: bf7c407c2cedff20999df2af8eb42d56 -> 
========================================================================
Received Prepare
Begin MonoManager ReloadAssembly
Symbol file LoadedFromMemory doesn't match image C:\Users\Nerdy\Documents\GitHub\UnityDz\Curs\Library\PackageCache\com.unity.visualscripting@1.8.0\Editor\VisualScripting.Core\Dependencies\YamlDotNet\Unity.VisualScripting.YamlDotNet.dll
Symbol file LoadedFromMemory doesn't match image C:\Users\Nerdy\Documents\GitHub\UnityDz\Curs\Library\PackageCache\com.unity.visualscripting@1.8.0\Editor\VisualScripting.Core\Dependencies\DotNetZip\Unity.VisualScripting.IonicZip.dll
- Loaded All Assemblies, in  1.229 seconds
Refreshing native plugins compatible for Editor in 6.24 ms, found 3 plugins.
Native extension for WindowsStandalone target not found
Native extension for Android target not found
Native extension for WebGL target not found
Mono: successfully reloaded assembly
- Finished resetting the current domain, in  2.228 seconds
Domain Reload Profiling: 3455ms
	BeginReloadAssembly (226ms)
		ExecutionOrderSort (0ms)
		DisableScriptedObjects (8ms)
		BackupInstance (0ms)
		ReleaseScriptingObjects (0ms)
		CreateAndSetChildDomain (62ms)
	RebuildCommonClasses (63ms)
	RebuildNativeTypeToScriptingClass (19ms)
	initialDomainReloadingComplete (45ms)
	LoadAllAssembliesAndSetupDomain (872ms)
		LoadAssemblies (510ms)
		RebuildTransferFunctionScriptingTraits (0ms)
		AnalyzeDomain (467ms)
			TypeCache.Refresh (460ms)
				TypeCache.ScanAssembly (442ms)
			ScanForSourceGeneratedMonoScriptInfo (0ms)
			ResolveRequiredComponents (6ms)
	FinalizeReload (2229ms)
		ReleaseScriptCaches (0ms)
		RebuildScriptCaches (0ms)
		SetupLoadedEditorAssemblies (1170ms)
			LogAssemblyErrors (0ms)
			InitializePlatformSupportModulesInManaged (80ms)
			SetLoadedEditorAssemblies (9ms)
			RefreshPlugins (0ms)
			BeforeProcessingInitializeOnLoad (266ms)
			ProcessInitializeOnLoadAttributes (712ms)
			ProcessInitializeOnLoadMethodAttributes (88ms)
			AfterProcessingInitializeOnLoad (14ms)
			EditorAssembliesLoaded (0ms)
		ExecutionOrderSort2 (0ms)
		AwakeInstancesAfterBackupRestoration (14ms)
Refreshing native plugins compatible for Editor in 6.15 ms, found 3 plugins.
Preloading 0 native plugins for Editor in 0.00 ms.
Unloading 3071 Unused Serialized files (Serialized files now loaded: 0)
Unloading 35 unused Assets / (0.7 MB). Loaded Objects now: 3548.
Memory consumption went from 122.9 MB to 122.2 MB.
Total: 5.130800 ms (FindLiveObjects: 0.562800 ms CreateObjectMapping: 0.324700 ms MarkObjects: 3.560200 ms  DeleteObjects: 0.681000 ms)

Prepare: number of updated asset objects reloaded= 0
AssetImportParameters requested are different than current active one (requested -> active):
  custom:container-demuxer-ogg: 62fdf1f143b41e24485cea50d1cbac27 -> 
  custom:video-decoder-ogg-theora: a1e56fd34408186e4bbccfd4996cb3dc -> 
  custom:framework-win-MediaFoundation: 216162199b28c13a410421893ffa2e32 -> 
  custom:container-demuxer-webm: 4f35f7cbe854078d1ac9338744f61a02 -> 
  custom:container-muxer-webm: aa71ff27fc2769a1b78a27578f13a17b -> 
  custom:video-decoder-webm-vp8: 9c59270c3fd7afecdb556c50c9e8de78 -> 
  custom:AudioImporter_EditorPlatform: d09bf68614088b80899f8185d706f6e7 -> 
  custom:video-encoder-webm-vp8: eb34c28f22e8b96e1ab97ce403110664 -> 
  custom:audio-decoder-ogg-vorbis: bf7c407c2cedff20999df2af8eb42d56 -> 
  custom:audio-encoder-webm-vorbis: bf7c407c2cedff20999df2af8eb42d56 -> 
========================================================================
Received Import Request.
  Time since last request: 12520.456767 seconds.
  path: Assets/Scenes/GameScene.unity
  artifactKey: Guid(9fc0d4010bbf28b4594072e72b8655ab) Importer(815301076,1909f56bfc062723c751e8b465ee728b)
Start importing Assets/Scenes/GameScene.unity using Guid(9fc0d4010bbf28b4594072e72b8655ab) Importer(815301076,1909f56bfc062723c751e8b465ee728b)  -> (artifact id: '62495dc3d36bd7fbef45174ce7d1481c') in 0.003075 seconds
Number of updated asset objects reloaded before import = 0
Number of asset objects unloaded after import = 0
========================================================================
Received Import Request.
  Time since last request: 164.082885 seconds.
  path: Assets/Customizable Skybox/Materials
  artifactKey: Guid(ea580a49e393d474a8246aed4e6421fe) Importer(815301076,1909f56bfc062723c751e8b465ee728b)
Start importing Assets/Customizable Skybox/Materials using Guid(ea580a49e393d474a8246aed4e6421fe) Importer(815301076,1909f56bfc062723c751e8b465ee728b)  -> (artifact id: 'e35665781960b707df885066d9a57884') in 0.000940 seconds
Number of updated asset objects reloaded before import = 0
Number of asset objects unloaded after import = 0
========================================================================
Received Import Request.
  Time since last request: 12.571266 seconds.
  path: Assets/Scenes/Scenes
  artifactKey: Guid(4c87f64bb2d3ca445ac1badce6b5c0d4) Importer(815301076,1909f56bfc062723c751e8b465ee728b)
Start importing Assets/Scenes/Scenes using Guid(4c87f64bb2d3ca445ac1badce6b5c0d4) Importer(815301076,1909f56bfc062723c751e8b465ee728b)  -> (artifact id: '5076f42353df4356dcbdb27110884996') in 0.000514 seconds
Number of updated asset objects reloaded before import = 0
Number of asset objects unloaded after import = 0
========================================================================
Received Import Request.
  Time since last request: 32.779794 seconds.
  path: Assets/Scenes/Scenes/DemoScene.unity
  artifactKey: Guid(1811a0c822d2a6c45b5d1435bf7d07d2) Importer(815301076,1909f56bfc062723c751e8b465ee728b)
Start importing Assets/Scenes/Scenes/DemoScene.unity using Guid(1811a0c822d2a6c45b5d1435bf7d07d2) Importer(815301076,1909f56bfc062723c751e8b465ee728b)  -> (artifact id: 'b3edfad129ad176901e82e885bdb0206') in 0.000536 seconds
Number of updated asset objects reloaded before import = 0
Number of asset objects unloaded after import = 0
========================================================================
Received Import Request.
  Time since last request: 779.499292 seconds.
  path: Assets/Customizable Skybox/Stylized Sky
  artifactKey: Guid(135450dfab8085c4ebd673f58f013df4) Importer(815301076,1909f56bfc062723c751e8b465ee728b)
Start importing Assets/Customizable Skybox/Stylized Sky using Guid(135450dfab8085c4ebd673f58f013df4) Importer(815301076,1909f56bfc062723c751e8b465ee728b)  -> (artifact id: '188fadaaf35bab146a1bc488515094a3') in 0.000851 seconds
Number of updated asset objects reloaded before import = 0
Number of asset objects unloaded after import = 0
========================================================================
Received Import Request.
  Time since last request: 2.034833 seconds.
  path: Assets/Customizable Skybox/Stylized Sky/Materials
  artifactKey: Guid(57832ac6c71e6b44ebdf2a754a4b62d4) Importer(815301076,1909f56bfc062723c751e8b465ee728b)
Start importing Assets/Customizable Skybox/Stylized Sky/Materials using Guid(57832ac6c71e6b44ebdf2a754a4b62d4) Importer(815301076,1909f56bfc062723c751e8b465ee728b)  -> (artifact id: '36c8e7512914a85610f5f91d1dafe187') in 0.000697 seconds
Number of updated asset objects reloaded before import = 0
Number of asset objects unloaded after import = 0
========================================================================
Received Import Request.
  Time since last request: 0.060760 seconds.
  path: Assets/Customizable Skybox/Stylized Sky/Materials/Day1.mat
  artifactKey: Guid(9aa8ed67591432941bb76f12eb23ff91) Importer(815301076,1909f56bfc062723c751e8b465ee728b)
Start importing Assets/Customizable Skybox/Stylized Sky/Materials/Day1.mat using Guid(9aa8ed67591432941bb76f12eb23ff91) Importer(815301076,1909f56bfc062723c751e8b465ee728b)  -> (artifact id: '0e6a6fa2505bb8b806579b70c24fbb70') in 0.204865 seconds
Number of updated asset objects reloaded before import = 0
Number of asset objects unloaded after import = 2
========================================================================
Received Import Request.
  Time since last request: 0.000035 seconds.
  path: Assets/Customizable Skybox/Stylized Sky/Materials/Day6.mat
  artifactKey: Guid(bbbcd551076325545ba102ba8c308520) Importer(815301076,1909f56bfc062723c751e8b465ee728b)
Start importing Assets/Customizable Skybox/Stylized Sky/Materials/Day6.mat using Guid(bbbcd551076325545ba102ba8c308520) Importer(815301076,1909f56bfc062723c751e8b465ee728b)  -> (artifact id: '8756bb22e97ab24f274cba6cd9325ef3') in 0.025281 seconds
Number of updated asset objects reloaded before import = 0
Number of asset objects unloaded after import = 2
========================================================================
Received Import Request.
  Time since last request: 0.000030 seconds.
  path: Assets/Customizable Skybox/Stylized Sky/Materials/Night4.mat
  artifactKey: Guid(ed1387202b1349540a5d6464f0f27488) Importer(815301076,1909f56bfc062723c751e8b465ee728b)
Start importing Assets/Customizable Skybox/Stylized Sky/Materials/Night4.mat using Guid(ed1387202b1349540a5d6464f0f27488) Importer(815301076,1909f56bfc062723c751e8b465ee728b)  -> (artifact id: 'b3da4f8b5ee7539e612c9d7550ec2e9c') in 0.050486 seconds
Number of updated asset objects reloaded before import = 0
Number of asset objects unloaded after import = 2
========================================================================
Received Import Request.
  Time since last request: 0.000192 seconds.
  path: Assets/Customizable Skybox/Stylized Sky/Materials/Sunset4.mat
  artifactKey: Guid(20f6d22d93779de4ea6f62f8ab305593) Importer(815301076,1909f56bfc062723c751e8b465ee728b)
Start importing Assets/Customizable Skybox/Stylized Sky/Materials/Sunset4.mat using Guid(20f6d22d93779de4ea6f62f8ab305593) Importer(815301076,1909f56bfc062723c751e8b465ee728b)  -> (artifact id: '318e04e079556de956bfe872053e1308') in 0.060302 seconds
Number of updated asset objects reloaded before import = 0
Number of asset objects unloaded after import = 2
========================================================================
Received Import Request.
  Time since last request: 0.000024 seconds.
  path: Assets/Customizable Skybox/Stylized Sky/Materials/Sunset5.mat
  artifactKey: Guid(baef7505b9e48404cb74585601f49ff9) Importer(815301076,1909f56bfc062723c751e8b465ee728b)
Start importing Assets/Customizable Skybox/Stylized Sky/Materials/Sunset5.mat using Guid(baef7505b9e48404cb74585601f49ff9) Importer(815301076,1909f56bfc062723c751e8b465ee728b)  -> (artifact id: 'a2b9dacbb3387e13caf726e8888dfa89') in 0.042967 seconds
Number of updated asset objects reloaded before import = 0
Number of asset objects unloaded after import = 2
========================================================================
Received Import Request.
  Time since last request: 0.000027 seconds.
  path: Assets/Customizable Skybox/Stylized Sky/Materials/Night3.mat
  artifactKey: Guid(135a7036ca1a07b4e9e162d80e6b6e77) Importer(815301076,1909f56bfc062723c751e8b465ee728b)
Start importing Assets/Customizable Skybox/Stylized Sky/Materials/Night3.mat using Guid(135a7036ca1a07b4e9e162d80e6b6e77) Importer(815301076,1909f56bfc062723c751e8b465ee728b)  -> (artifact id: '1af1b3eb17ce8614329df3be47b07cd4') in 0.043310 seconds
Number of updated asset objects reloaded before import = 0
Number of asset objects unloaded after import = 2
========================================================================
Received Import Request.
  Time since last request: 0.000296 seconds.
  path: Assets/Customizable Skybox/Stylized Sky/Materials/Day4.mat
  artifactKey: Guid(5c57bb9da366e944a8f4ae9be4f413ec) Importer(815301076,1909f56bfc062723c751e8b465ee728b)
Start importing Assets/Customizable Skybox/Stylized Sky/Materials/Day4.mat using Guid(5c57bb9da366e944a8f4ae9be4f413ec) Importer(815301076,1909f56bfc062723c751e8b465ee728b)  -> (artifact id: '0f034051501c06632f77317b0949eb4c') in 0.024327 seconds
Number of updated asset objects reloaded before import = 0
Number of asset objects unloaded after import = 2
========================================================================
Received Import Request.
  Time since last request: 0.000023 seconds.
  path: Assets/Customizable Skybox/Stylized Sky/Materials/Day5.mat
  artifactKey: Guid(6225fa8890cf025489e57d3aa1d87260) Importer(815301076,1909f56bfc062723c751e8b465ee728b)
Start importing Assets/Customizable Skybox/Stylized Sky/Materials/Day5.mat using Guid(6225fa8890cf025489e57d3aa1d87260) Importer(815301076,1909f56bfc062723c751e8b465ee728b)  -> (artifact id: '0849d1082b7e1348eb552059dd5734d4') in 0.026215 seconds
Number of updated asset objects reloaded before import = 0
Number of asset objects unloaded after import = 2
========================================================================
Received Import Request.
  Time since last request: 0.000031 seconds.
  path: Assets/Customizable Skybox/Stylized Sky/Materials/Morning1.mat
  artifactKey: Guid(8fc56946a1b593c4d8e3e0e94483338e) Importer(815301076,1909f56bfc062723c751e8b465ee728b)
Start importing Assets/Customizable Skybox/Stylized Sky/Materials/Morning1.mat using Guid(8fc56946a1b593c4d8e3e0e94483338e) Importer(815301076,1909f56bfc062723c751e8b465ee728b)  -> (artifact id: 'b8e904de649ad99e4fdc9b4db0e20d3e') in 0.042739 seconds
Number of updated asset objects reloaded before import = 0
Number of asset objects unloaded after import = 2
========================================================================
Received Import Request.
  Time since last request: 0.000016 seconds.
  path: Assets/Customizable Skybox/Stylized Sky/Materials/Night2.mat
  artifactKey: Guid(52fcefd712182d743a781fde12426775) Importer(815301076,1909f56bfc062723c751e8b465ee728b)
Start importing Assets/Customizable Skybox/Stylized Sky/Materials/Night2.mat using Guid(52fcefd712182d743a781fde12426775) Importer(815301076,1909f56bfc062723c751e8b465ee728b)  -> (artifact id: 'a241040da82bae155959b8a334e338e2') in 0.053077 seconds
Number of updated asset objects reloaded before import = 0
Number of asset objects unloaded after import = 2
========================================================================
Received Import Request.
  Time since last request: 0.000398 seconds.
  path: Assets/Customizable Skybox/Stylized Sky/Materials/Sunset2.mat
  artifactKey: Guid(528363c5c1cf6a7458140c6851c77b68) Importer(815301076,1909f56bfc062723c751e8b465ee728b)
Start importing Assets/Customizable Skybox/Stylized Sky/Materials/Sunset2.mat using Guid(528363c5c1cf6a7458140c6851c77b68) Importer(815301076,1909f56bfc062723c751e8b465ee728b)  -> (artifact id: '5b86871146138b024dd5c6bf9d44b8ed') in 0.047013 seconds
Number of updated asset objects reloaded before import = 0
Number of asset objects unloaded after import = 2
========================================================================
Received Import Request.
  Time since last request: 0.000026 seconds.
  path: Assets/Customizable Skybox/Stylized Sky/Materials/Night1.mat
  artifactKey: Guid(bbe9494f815f3c340956427c884b72a0) Importer(815301076,1909f56bfc062723c751e8b465ee728b)
Start importing Assets/Customizable Skybox/Stylized Sky/Materials/Night1.mat using Guid(bbe9494f815f3c340956427c884b72a0) Importer(815301076,1909f56bfc062723c751e8b465ee728b)  -> (artifact id: '9ea28e9dd895290e6096b7dcc34c0152') in 0.050433 seconds
Number of updated asset objects reloaded before import = 0
Number of asset objects unloaded after import = 2
========================================================================
Received Import Request.
  Time since last request: 0.000032 seconds.
  path: Assets/Customizable Skybox/Stylized Sky/Materials/Sunset3.mat
  artifactKey: Guid(7ed994c1997814049b44c36a823bba6c) Importer(815301076,1909f56bfc062723c751e8b465ee728b)
Start importing Assets/Customizable Skybox/Stylized Sky/Materials/Sunset3.mat using Guid(7ed994c1997814049b44c36a823bba6c) Importer(815301076,1909f56bfc062723c751e8b465ee728b)  -> (artifact id: '796320e4a60c49221e2c25d660cb039f') in 0.051328 seconds
Number of updated asset objects reloaded before import = 0
Number of asset objects unloaded after import = 2
========================================================================
Received Import Request.
  Time since last request: 0.000027 seconds.
  path: Assets/Customizable Skybox/Stylized Sky/Materials/Morning3.mat
  artifactKey: Guid(022e71752654d3f4fa0cbe71b312ad20) Importer(815301076,1909f56bfc062723c751e8b465ee728b)
Start importing Assets/Customizable Skybox/Stylized Sky/Materials/Morning3.mat using Guid(022e71752654d3f4fa0cbe71b312ad20) Importer(815301076,1909f56bfc062723c751e8b465ee728b)  -> (artifact id: '67253b47ff0b9650098917167b2c77d0') in 0.045892 seconds
Number of updated asset objects reloaded before import = 0
Number of asset objects unloaded after import = 2
========================================================================
Received Import Request.
  Time since last request: 0.000073 seconds.
  path: Assets/Customizable Skybox/Stylized Sky/Materials/Day2.mat
  artifactKey: Guid(5c80d49013691df48ac94280337e88ce) Importer(815301076,1909f56bfc062723c751e8b465ee728b)
Start importing Assets/Customizable Skybox/Stylized Sky/Materials/Day2.mat using Guid(5c80d49013691df48ac94280337e88ce) Importer(815301076,1909f56bfc062723c751e8b465ee728b)  -> (artifact id: 'd022cc8924adcf7cd7023647106106ba') in 0.046302 seconds
Number of updated asset objects reloaded before import = 0
Number of asset objects unloaded after import = 2
========================================================================
Received Import Request.
  Time since last request: 0.000016 seconds.
  path: Assets/Customizable Skybox/Stylized Sky/Materials/Day7.mat
  artifactKey: Guid(ddbcbb3899687ea469ed4a5fce1532df) Importer(815301076,1909f56bfc062723c751e8b465ee728b)
Start importing Assets/Customizable Skybox/Stylized Sky/Materials/Day7.mat using Guid(ddbcbb3899687ea469ed4a5fce1532df) Importer(815301076,1909f56bfc062723c751e8b465ee728b)  -> (artifact id: 'c1b007568197f0cf0cef4d0b966318ab') in 0.042112 seconds
Number of updated asset objects reloaded before import = 0
Number of asset objects unloaded after import = 2
========================================================================
Received Import Request.
  Time since last request: 0.000030 seconds.
  path: Assets/Customizable Skybox/Stylized Sky/Materials/Morning4.mat
  artifactKey: Guid(c7a8e24b01cf73e4bad6eb3cb7d40acc) Importer(815301076,1909f56bfc062723c751e8b465ee728b)
Start importing Assets/Customizable Skybox/Stylized Sky/Materials/Morning4.mat using Guid(c7a8e24b01cf73e4bad6eb3cb7d40acc) Importer(815301076,1909f56bfc062723c751e8b465ee728b)  -> (artifact id: '4669a4096967674febd9e056fb561158') in 0.059212 seconds
Number of updated asset objects reloaded before import = 0
Number of asset objects unloaded after import = 2
========================================================================
Received Import Request.
  Time since last request: 0.000022 seconds.
  path: Assets/Customizable Skybox/Stylized Sky/Materials/Day3.mat
  artifactKey: Guid(56113b3b655ab7349bab4d7d405c258a) Importer(815301076,1909f56bfc062723c751e8b465ee728b)
Start importing Assets/Customizable Skybox/Stylized Sky/Materials/Day3.mat using Guid(56113b3b655ab7349bab4d7d405c258a) Importer(815301076,1909f56bfc062723c751e8b465ee728b)  -> (artifact id: '35a544bbf2bf9b5345440d9f126fe11d') in 0.025440 seconds
Number of updated asset objects reloaded before import = 0
Number of asset objects unloaded after import = 2
========================================================================
Received Import Request.
  Time since last request: 0.000046 seconds.
  path: Assets/Customizable Skybox/Stylized Sky/Materials/Sunset1.mat
  artifactKey: Guid(2441c79940171dc43b33badf9fe97828) Importer(815301076,1909f56bfc062723c751e8b465ee728b)
Start importing Assets/Customizable Skybox/Stylized Sky/Materials/Sunset1.mat using Guid(2441c79940171dc43b33badf9fe97828) Importer(815301076,1909f56bfc062723c751e8b465ee728b)  -> (artifact id: '1e6218f47713dd57a9eef32b3606efba') in 0.024483 seconds
Number of updated asset objects reloaded before import = 0
Number of asset objects unloaded after import = 2
========================================================================
Received Import Request.
  Time since last request: 0.000023 seconds.
  path: Assets/Customizable Skybox/Stylized Sky/Materials/Morning2.mat
  artifactKey: Guid(5464c15ff9c6ca04cb5790c1773e76fa) Importer(815301076,1909f56bfc062723c751e8b465ee728b)
Start importing Assets/Customizable Skybox/Stylized Sky/Materials/Morning2.mat using Guid(5464c15ff9c6ca04cb5790c1773e76fa) Importer(815301076,1909f56bfc062723c751e8b465ee728b)  -> (artifact id: '7d3f7a3f5a82bad3cc00cfcdd611607c') in 0.024606 seconds
Number of updated asset objects reloaded before import = 0
Number of asset objects unloaded after import = 2
========================================================================
Received Import Request.
  Time since last request: 114.351946 seconds.
  path: Assets/Customizable Skybox/Model
  artifactKey: Guid(b3a8b5ae7212a5e469e5295bd49eb2b9) Importer(815301076,1909f56bfc062723c751e8b465ee728b)
Start importing Assets/Customizable Skybox/Model using Guid(b3a8b5ae7212a5e469e5295bd49eb2b9) Importer(815301076,1909f56bfc062723c751e8b465ee728b)  -> (artifact id: 'f85348d70fb41925fffb5aa467912cc6') in 0.000673 seconds
Number of updated asset objects reloaded before import = 0
Number of asset objects unloaded after import = 0
========================================================================
Received Import Request.
  Time since last request: 0.068905 seconds.
  path: Assets/Customizable Skybox/Model/Low Poly Island.fbx
  artifactKey: Guid(9e1cb89bae143d046bb9dba32b57bed0) Importer(815301076,1909f56bfc062723c751e8b465ee728b)
Start importing Assets/Customizable Skybox/Model/Low Poly Island.fbx using Guid(9e1cb89bae143d046bb9dba32b57bed0) Importer(815301076,1909f56bfc062723c751e8b465ee728b)  -> (artifact id: '5dd214f953494ee7f8d2e507e0d36dbb') in 0.628663 seconds
Number of updated asset objects reloaded before import = 0
Number of asset objects unloaded after import = 99
========================================================================
Received Import Request.
  Time since last request: 1.634131 seconds.
  path: Assets/Customizable Skybox/Model/Materials
  artifactKey: Guid(083961627088d3049935b73b4e8fc135) Importer(815301076,1909f56bfc062723c751e8b465ee728b)
Start importing Assets/Customizable Skybox/Model/Materials using Guid(083961627088d3049935b73b4e8fc135) Importer(815301076,1909f56bfc062723c751e8b465ee728b)  -> (artifact id: '682aa7cd2bfe5d441e33fe2cdd92f27f') in 0.000864 seconds
Number of updated asset objects reloaded before import = 0
Number of asset objects unloaded after import = 0
========================================================================
Received Import Request.
  Time since last request: 0.072130 seconds.
  path: Assets/Customizable Skybox/Model/Materials/dark trunk.mat
  artifactKey: Guid(b50f1c4e199dc3b47b56b0880d757857) Importer(815301076,1909f56bfc062723c751e8b465ee728b)
Start importing Assets/Customizable Skybox/Model/Materials/dark trunk.mat using Guid(b50f1c4e199dc3b47b56b0880d757857) Importer(815301076,1909f56bfc062723c751e8b465ee728b)  -> (artifact id: '9225d46dc2bae3e7b1a76761e63307ab') in 0.020885 seconds
Number of updated asset objects reloaded before import = 0
Number of asset objects unloaded after import = 1
========================================================================
Received Import Request.
  Time since last request: 0.000019 seconds.
  path: Assets/Customizable Skybox/Model/Materials/green tree.mat
  artifactKey: Guid(c856162727dc18842bc191504f727456) Importer(815301076,1909f56bfc062723c751e8b465ee728b)
Start importing Assets/Customizable Skybox/Model/Materials/green tree.mat using Guid(c856162727dc18842bc191504f727456) Importer(815301076,1909f56bfc062723c751e8b465ee728b)  -> (artifact id: '7529ef9ee80c477a4e1cfaa96ef222af') in 0.022461 seconds
Number of updated asset objects reloaded before import = 0
Number of asset objects unloaded after import = 1
========================================================================
Received Import Request.
  Time since last request: 0.000029 seconds.
  path: Assets/Customizable Skybox/Model/Materials/pine brown.mat
  artifactKey: Guid(23884aea9e628ee45a87314c9fd2483e) Importer(815301076,1909f56bfc062723c751e8b465ee728b)
Start importing Assets/Customizable Skybox/Model/Materials/pine brown.mat using Guid(23884aea9e628ee45a87314c9fd2483e) Importer(815301076,1909f56bfc062723c751e8b465ee728b)  -> (artifact id: '2fed987b53946c47c102b91a0b126254') in 0.023487 seconds
Number of updated asset objects reloaded before import = 0
Number of asset objects unloaded after import = 1
========================================================================
Received Import Request.
  Time since last request: 0.000023 seconds.
  path: Assets/Customizable Skybox/Model/Materials/Material.003.mat
  artifactKey: Guid(0b82edc333f454f4fab3b93e8ececd1a) Importer(815301076,1909f56bfc062723c751e8b465ee728b)
Start importing Assets/Customizable Skybox/Model/Materials/Material.003.mat using Guid(0b82edc333f454f4fab3b93e8ececd1a) Importer(815301076,1909f56bfc062723c751e8b465ee728b)  -> (artifact id: '76ce6f1975499b5c786bb85456c45deb') in 0.025332 seconds
Number of updated asset objects reloaded before import = 0
Number of asset objects unloaded after import = 1
========================================================================
Received Import Request.
  Time since last request: 0.000022 seconds.
  path: Assets/Customizable Skybox/Model/Materials/trunk.mat
  artifactKey: Guid(2b1bb1efbeb980540aa4164a74c61686) Importer(815301076,1909f56bfc062723c751e8b465ee728b)
Start importing Assets/Customizable Skybox/Model/Materials/trunk.mat using Guid(2b1bb1efbeb980540aa4164a74c61686) Importer(815301076,1909f56bfc062723c751e8b465ee728b)  -> (artifact id: '7bd8dfa302743377f9d610c9515e9ff1') in 0.022129 seconds
Number of updated asset objects reloaded before import = 0
Number of asset objects unloaded after import = 1
========================================================================
Received Import Request.
  Time since last request: 0.000023 seconds.
  path: Assets/Customizable Skybox/Model/Materials/earth.mat
  artifactKey: Guid(9d1ca55e2263fd54589900465f90d06e) Importer(815301076,1909f56bfc062723c751e8b465ee728b)
Start importing Assets/Customizable Skybox/Model/Materials/earth.mat using Guid(9d1ca55e2263fd54589900465f90d06e) Importer(815301076,1909f56bfc062723c751e8b465ee728b)  -> (artifact id: '8a905ea30b020a3eb33dcd247038c02c') in 0.021818 seconds
Number of updated asset objects reloaded before import = 0
Number of asset objects unloaded after import = 1
========================================================================
Received Import Request.
  Time since last request: 0.000024 seconds.
  path: Assets/Customizable Skybox/Model/Materials/No Name.mat
  artifactKey: Guid(9fe81213c48f6e944a8a30f76f30a9c7) Importer(815301076,1909f56bfc062723c751e8b465ee728b)
Start importing Assets/Customizable Skybox/Model/Materials/No Name.mat using Guid(9fe81213c48f6e944a8a30f76f30a9c7) Importer(815301076,1909f56bfc062723c751e8b465ee728b)  -> (artifact id: '4fac4b21fdd0d51672a2363dfe8e55e6') in 0.022604 seconds
Number of updated asset objects reloaded before import = 0
Number of asset objects unloaded after import = 1
========================================================================
Received Import Request.
  Time since last request: 0.000032 seconds.
  path: Assets/Customizable Skybox/Model/Materials/darken leafs.mat
  artifactKey: Guid(d35ea29c48c3e1944a4f03cab15e36c2) Importer(815301076,1909f56bfc062723c751e8b465ee728b)
Start importing Assets/Customizable Skybox/Model/Materials/darken leafs.mat using Guid(d35ea29c48c3e1944a4f03cab15e36c2) Importer(815301076,1909f56bfc062723c751e8b465ee728b)  -> (artifact id: '91d0a86fa7c8616ee8b547d9f3263a7e') in 0.023004 seconds
Number of updated asset objects reloaded before import = 0
Number of asset objects unloaded after import = 1
========================================================================
Received Import Request.
  Time since last request: 0.000020 seconds.
  path: Assets/Customizable Skybox/Model/Materials/pine tree green.mat
  artifactKey: Guid(b67fe0ad79964244383e7633743fcc6b) Importer(815301076,1909f56bfc062723c751e8b465ee728b)
Start importing Assets/Customizable Skybox/Model/Materials/pine tree green.mat using Guid(b67fe0ad79964244383e7633743fcc6b) Importer(815301076,1909f56bfc062723c751e8b465ee728b)  -> (artifact id: '0652d38f4dd4e2a01dc0510145b429e8') in 0.022985 seconds
Number of updated asset objects reloaded before import = 0
Number of asset objects unloaded after import = 1
========================================================================
Received Import Request.
  Time since last request: 2.497903 seconds.
  path: Assets/Customizable Skybox/Materials/Clouds.mat
  artifactKey: Guid(b2fcea6c7d9dbab4ca781825705d50be) Importer(815301076,1909f56bfc062723c751e8b465ee728b)
Start importing Assets/Customizable Skybox/Materials/Clouds.mat using Guid(b2fcea6c7d9dbab4ca781825705d50be) Importer(815301076,1909f56bfc062723c751e8b465ee728b)  -> (artifact id: 'b7409c49ec65502bb39ac4a2b4dd7159') in 0.027901 seconds
Number of updated asset objects reloaded before import = 0
Number of asset objects unloaded after import = 1
========================================================================
Received Import Request.
  Time since last request: 0.000238 seconds.
  path: Assets/Customizable Skybox/Materials/trunk.mat
  artifactKey: Guid(08c4b67273e724941900639ca93caabc) Importer(815301076,1909f56bfc062723c751e8b465ee728b)
Start importing Assets/Customizable Skybox/Materials/trunk.mat using Guid(08c4b67273e724941900639ca93caabc) Importer(815301076,1909f56bfc062723c751e8b465ee728b)  -> (artifact id: '113b71adcaee150184fb305248e3d6f4') in 0.024384 seconds
Number of updated asset objects reloaded before import = 0
Number of asset objects unloaded after import = 1
========================================================================
Received Import Request.
  Time since last request: 0.000021 seconds.
  path: Assets/Customizable Skybox/Materials/earth.mat
  artifactKey: Guid(ef6223db6cd2fd94481bcb5ce352cc30) Importer(815301076,1909f56bfc062723c751e8b465ee728b)
Start importing Assets/Customizable Skybox/Materials/earth.mat using Guid(ef6223db6cd2fd94481bcb5ce352cc30) Importer(815301076,1909f56bfc062723c751e8b465ee728b)  -> (artifact id: 'e98708f4d7f6535aab38b4e756194737') in 0.024145 seconds
Number of updated asset objects reloaded before import = 0
Number of asset objects unloaded after import = 1
========================================================================
Received Import Request.
  Time since last request: 0.000023 seconds.
  path: Assets/Customizable Skybox/Materials/darken leafs.mat
  artifactKey: Guid(3020cfb028abb6c4f977e1db1f72bef5) Importer(815301076,1909f56bfc062723c751e8b465ee728b)
Start importing Assets/Customizable Skybox/Materials/darken leafs.mat using Guid(3020cfb028abb6c4f977e1db1f72bef5) Importer(815301076,1909f56bfc062723c751e8b465ee728b)  -> (artifact id: '55b9ee4ef197c73a812476e20243e50e') in 0.021651 seconds
Number of updated asset objects reloaded before import = 0
Number of asset objects unloaded after import = 1
========================================================================
Received Import Request.
  Time since last request: 0.000304 seconds.
  path: Assets/Customizable Skybox/Materials/Material.003.mat
  artifactKey: Guid(a4b1c9205184ab7479ebcb6d01e9bdaa) Importer(815301076,1909f56bfc062723c751e8b465ee728b)
Start importing Assets/Customizable Skybox/Materials/Material.003.mat using Guid(a4b1c9205184ab7479ebcb6d01e9bdaa) Importer(815301076,1909f56bfc062723c751e8b465ee728b)  -> (artifact id: 'd5991060d0b04fece22f54f81f975f68') in 0.023332 seconds
Number of updated asset objects reloaded before import = 0
Number of asset objects unloaded after import = 1
========================================================================
Received Import Request.
  Time since last request: 0.000034 seconds.
  path: Assets/Customizable Skybox/Materials/dark trunk.mat
  artifactKey: Guid(7c7f7e923f30d8b4193dfc9a7eb33ea9) Importer(815301076,1909f56bfc062723c751e8b465ee728b)
Start importing Assets/Customizable Skybox/Materials/dark trunk.mat using Guid(7c7f7e923f30d8b4193dfc9a7eb33ea9) Importer(815301076,1909f56bfc062723c751e8b465ee728b)  -> (artifact id: '2c784954260bcb568f1e273682c4ab18') in 0.025326 seconds
Number of updated asset objects reloaded before import = 0
Number of asset objects unloaded after import = 1
========================================================================
Received Import Request.
  Time since last request: 0.000035 seconds.
  path: Assets/Customizable Skybox/Materials/green tree.mat
  artifactKey: Guid(162ad232b242eb042b91b10dc755c486) Importer(815301076,1909f56bfc062723c751e8b465ee728b)
Start importing Assets/Customizable Skybox/Materials/green tree.mat using Guid(162ad232b242eb042b91b10dc755c486) Importer(815301076,1909f56bfc062723c751e8b465ee728b)  -> (artifact id: '3723eff7caacaa10786d27b63ff547b3') in 0.021494 seconds
Number of updated asset objects reloaded before import = 0
Number of asset objects unloaded after import = 1
========================================================================
Received Import Request.
  Time since last request: 0.000302 seconds.
  path: Assets/Customizable Skybox/Materials/No Name.mat
  artifactKey: Guid(36624e9898987d34da7dcc3c01a72523) Importer(815301076,1909f56bfc062723c751e8b465ee728b)
Start importing Assets/Customizable Skybox/Materials/No Name.mat using Guid(36624e9898987d34da7dcc3c01a72523) Importer(815301076,1909f56bfc062723c751e8b465ee728b)  -> (artifact id: '0204e182a28744886cc9e3a284cad9c8') in 0.023121 seconds
Number of updated asset objects reloaded before import = 0
Number of asset objects unloaded after import = 1
========================================================================
Received Import Request.
  Time since last request: 0.000029 seconds.
  path: Assets/Customizable Skybox/Materials/pine tree green.mat
  artifactKey: Guid(471bbc61de2af0a47bd80da0aacc49dc) Importer(815301076,1909f56bfc062723c751e8b465ee728b)
Start importing Assets/Customizable Skybox/Materials/pine tree green.mat using Guid(471bbc61de2af0a47bd80da0aacc49dc) Importer(815301076,1909f56bfc062723c751e8b465ee728b)  -> (artifact id: 'a70c4b813b24aa1522fd856b4c75dbfb') in 0.020568 seconds
Number of updated asset objects reloaded before import = 0
Number of asset objects unloaded after import = 1
========================================================================
Received Import Request.
  Time since last request: 7.418202 seconds.
  path: Assets/Customizable Skybox/Stylized Sky/Shaders
  artifactKey: Guid(a467af176e3ceba48899c668a09878d2) Importer(815301076,1909f56bfc062723c751e8b465ee728b)
Start importing Assets/Customizable Skybox/Stylized Sky/Shaders using Guid(a467af176e3ceba48899c668a09878d2) Importer(815301076,1909f56bfc062723c751e8b465ee728b)  -> (artifact id: '504b4196d50c05ea300bf0c5f7b5cb87') in 0.000721 seconds
Number of updated asset objects reloaded before import = 0
Number of asset objects unloaded after import = 0
========================================================================
Received Import Request.
  Time since last request: 1.136273 seconds.
  path: Assets/Customizable Skybox/Stylized Sky/Shaders/Stylized Sky.shader
  artifactKey: Guid(eb3c6fb598ded4c71b8968e1c40a3b4d) Importer(815301076,1909f56bfc062723c751e8b465ee728b)
Start importing Assets/Customizable Skybox/Stylized Sky/Shaders/Stylized Sky.shader using Guid(eb3c6fb598ded4c71b8968e1c40a3b4d) Importer(815301076,1909f56bfc062723c751e8b465ee728b)  -> (artifact id: 'cfe60fc1764ac48e764b639bbd7b70b0') in 0.001499 seconds
Number of updated asset objects reloaded before import = 0
Number of asset objects unloaded after import = 1
========================================================================
Received Prepare
Begin MonoManager ReloadAssembly
Symbol file LoadedFromMemory doesn't match image C:\Users\Nerdy\Documents\GitHub\UnityDz\Curs\Library\PackageCache\com.unity.visualscripting@1.8.0\Editor\VisualScripting.Core\Dependencies\YamlDotNet\Unity.VisualScripting.YamlDotNet.dll
Symbol file LoadedFromMemory doesn't match image C:\Users\Nerdy\Documents\GitHub\UnityDz\Curs\Library\PackageCache\com.unity.visualscripting@1.8.0\Editor\VisualScripting.Core\Dependencies\DotNetZip\Unity.VisualScripting.IonicZip.dll
- Loaded All Assemblies, in  1.158 seconds
Refreshing native plugins compatible for Editor in 4.01 ms, found 3 plugins.
Native extension for WindowsStandalone target not found
Native extension for Android target not found
Native extension for WebGL target not found
Mono: successfully reloaded assembly
- Finished resetting the current domain, in  1.711 seconds
Domain Reload Profiling: 2867ms
	BeginReloadAssembly (198ms)
		ExecutionOrderSort (0ms)
		DisableScriptedObjects (8ms)
		BackupInstance (0ms)
		ReleaseScriptingObjects (0ms)
		CreateAndSetChildDomain (50ms)
	RebuildCommonClasses (57ms)
	RebuildNativeTypeToScriptingClass (15ms)
	initialDomainReloadingComplete (42ms)
	LoadAllAssembliesAndSetupDomain (843ms)
		LoadAssemblies (458ms)
		RebuildTransferFunctionScriptingTraits (0ms)
		AnalyzeDomain (476ms)
			TypeCache.Refresh (471ms)
				TypeCache.ScanAssembly (453ms)
			ScanForSourceGeneratedMonoScriptInfo (0ms)
			ResolveRequiredComponents (6ms)
	FinalizeReload (1712ms)
		ReleaseScriptCaches (0ms)
		RebuildScriptCaches (0ms)
		SetupLoadedEditorAssemblies (693ms)
			LogAssemblyErrors (0ms)
			InitializePlatformSupportModulesInManaged (42ms)
			SetLoadedEditorAssemblies (9ms)
			RefreshPlugins (0ms)
			BeforeProcessingInitializeOnLoad (133ms)
			ProcessInitializeOnLoadAttributes (462ms)
			ProcessInitializeOnLoadMethodAttributes (36ms)
			AfterProcessingInitializeOnLoad (11ms)
			EditorAssembliesLoaded (0ms)
		ExecutionOrderSort2 (0ms)
		AwakeInstancesAfterBackupRestoration (10ms)
Refreshing native plugins compatible for Editor in 7.37 ms, found 3 plugins.
Preloading 0 native plugins for Editor in 0.00 ms.
Unloading 3071 Unused Serialized files (Serialized files now loaded: 0)
Unloading 35 unused Assets / (0.7 MB). Loaded Objects now: 3595.
Memory consumption went from 123.5 MB to 122.8 MB.
Total: 9.525800 ms (FindLiveObjects: 0.714800 ms CreateObjectMapping: 0.359800 ms MarkObjects: 6.722000 ms  DeleteObjects: 1.727700 ms)

Prepare: number of updated asset objects reloaded= 0
AssetImportParameters requested are different than current active one (requested -> active):
  custom:container-demuxer-ogg: 62fdf1f143b41e24485cea50d1cbac27 -> 
  custom:video-decoder-ogg-theora: a1e56fd34408186e4bbccfd4996cb3dc -> 
  custom:framework-win-MediaFoundation: 216162199b28c13a410421893ffa2e32 -> 
  custom:container-demuxer-webm: 4f35f7cbe854078d1ac9338744f61a02 -> 
  custom:container-muxer-webm: aa71ff27fc2769a1b78a27578f13a17b -> 
  custom:video-decoder-webm-vp8: 9c59270c3fd7afecdb556c50c9e8de78 -> 
  custom:AudioImporter_EditorPlatform: d09bf68614088b80899f8185d706f6e7 -> 
  custom:video-encoder-webm-vp8: eb34c28f22e8b96e1ab97ce403110664 -> 
  custom:audio-decoder-ogg-vorbis: bf7c407c2cedff20999df2af8eb42d56 -> 
  custom:audio-encoder-webm-vorbis: bf7c407c2cedff20999df2af8eb42d56 -> 
========================================================================
Received Import Request.
  Time since last request: 985.501797 seconds.
  path: Assets/Customizable Skybox/Stylized Sky/Materials/Day6.mat
  artifactKey: Guid(bbbcd551076325545ba102ba8c308520) Importer(815301076,1909f56bfc062723c751e8b465ee728b)
Start importing Assets/Customizable Skybox/Stylized Sky/Materials/Day6.mat using Guid(bbbcd551076325545ba102ba8c308520) Importer(815301076,1909f56bfc062723c751e8b465ee728b)  -> (artifact id: 'ce468ffe5673e0d50070046c175c56e0') in 0.201584 seconds
Number of updated asset objects reloaded before import = 0
Number of asset objects unloaded after import = 2
========================================================================
Received Import Request.
  Time since last request: 0.000080 seconds.
  path: Assets/Customizable Skybox/Stylized Sky/Materials/Night4.mat
  artifactKey: Guid(ed1387202b1349540a5d6464f0f27488) Importer(815301076,1909f56bfc062723c751e8b465ee728b)
Start importing Assets/Customizable Skybox/Stylized Sky/Materials/Night4.mat using Guid(ed1387202b1349540a5d6464f0f27488) Importer(815301076,1909f56bfc062723c751e8b465ee728b)  -> (artifact id: '577734a70cc0a52bf3a58930c29bf4ac') in 0.025404 seconds
Number of updated asset objects reloaded before import = 0
Number of asset objects unloaded after import = 2
========================================================================
Received Import Request.
  Time since last request: 9.873678 seconds.
  path: Assets/Customizable Skybox/Stylized Sky/Materials/Sunset1.mat
  artifactKey: Guid(2441c79940171dc43b33badf9fe97828) Importer(815301076,1909f56bfc062723c751e8b465ee728b)
Start importing Assets/Customizable Skybox/Stylized Sky/Materials/Sunset1.mat using Guid(2441c79940171dc43b33badf9fe97828) Importer(815301076,1909f56bfc062723c751e8b465ee728b)  -> (artifact id: '7bb642141e3b9b726297f0a590d0870d') in 0.011102 seconds
Number of updated asset objects reloaded before import = 0
Number of asset objects unloaded after import = 2
========================================================================
Received Import Request.
  Time since last request: 5113.234729 seconds.
  path: Assets/simple-maze-1.jpg
  artifactKey: Guid(8fceae0faea31aa499b7a9a6f1db1bb8) Importer(815301076,1909f56bfc062723c751e8b465ee728b)
Start importing Assets/simple-maze-1.jpg using Guid(8fceae0faea31aa499b7a9a6f1db1bb8) Importer(815301076,1909f56bfc062723c751e8b465ee728b)  -> (artifact id: 'a08687eadc2c1a42757867fb6d3c6a5e') in 0.054173 seconds
Number of updated asset objects reloaded before import = 0
Number of asset objects unloaded after import = 2
